22:17:29.616 [main] ERROR o.s.boot.SpringApplication - Application run failed 
org.yaml.snakeyaml.scanner.ScannerException: while scanning for the next token
found character '@' that cannot start any token. (Do not use @ for indentation)
 in 'reader', line 19, column 27:
    nacos.config.server-addr: @nacos.server-addr@
                              ^

	at org.yaml.snakeyaml.scanner.ScannerImpl.fetchMoreTokens(ScannerImpl.java:460)
	at org.yaml.snakeyaml.scanner.ScannerImpl.checkToken(ScannerImpl.java:251)
	at org.yaml.snakeyaml.parser.ParserImpl$ParseBlockMappingValue.produce(ParserImpl.java:660)
	at org.yaml.snakeyaml.parser.ParserImpl.peekEvent(ParserImpl.java:166)
	at org.yaml.snakeyaml.comments.CommentEventsCollector$1.peek(CommentEventsCollector.java:59)
	at org.yaml.snakeyaml.comments.CommentEventsCollector$1.peek(CommentEventsCollector.java:45)
	at org.yaml.snakeyaml.comments.CommentEventsCollector.collectEvents(CommentEventsCollector.java:140)
	at org.yaml.snakeyaml.comments.CommentEventsCollector.collectEvents(CommentEventsCollector.java:119)
	at org.yaml.snakeyaml.composer.Composer.composeScalarNode(Composer.java:214)
	at org.yaml.snakeyaml.composer.Composer.composeNode(Composer.java:184)
	at org.yaml.snakeyaml.composer.Composer.composeKeyNode(Composer.java:310)
	at org.yaml.snakeyaml.composer.Composer.composeMappingChildren(Composer.java:301)
	at org.yaml.snakeyaml.composer.Composer.composeMappingNode(Composer.java:286)
	at org.yaml.snakeyaml.composer.Composer.composeNode(Composer.java:188)
	at org.yaml.snakeyaml.composer.Composer.getNode(Composer.java:115)
	at org.yaml.snakeyaml.constructor.BaseConstructor.getData(BaseConstructor.java:135)
	at org.springframework.boot.env.OriginTrackedYamlLoader$OriginTrackingConstructor.getData(OriginTrackedYamlLoader.java:103)
	at org.yaml.snakeyaml.Yaml$1.next(Yaml.java:514)
	at org.springframework.beans.factory.config.YamlProcessor.process(YamlProcessor.java:199)
	at org.springframework.beans.factory.config.YamlProcessor.process(YamlProcessor.java:166)
	at org.springframework.boot.env.OriginTrackedYamlLoader.load(OriginTrackedYamlLoader.java:88)
	at org.springframework.boot.env.YamlPropertySourceLoader.load(YamlPropertySourceLoader.java:50)
	at org.springframework.boot.context.config.StandardConfigDataLoader.load(StandardConfigDataLoader.java:54)
	at org.springframework.boot.context.config.StandardConfigDataLoader.load(StandardConfigDataLoader.java:36)
	at org.springframework.boot.context.config.ConfigDataLoaders.load(ConfigDataLoaders.java:108)
	at org.springframework.boot.context.config.ConfigDataImporter.load(ConfigDataImporter.java:132)
	at org.springframework.boot.context.config.ConfigDataImporter.resolveAndLoad(ConfigDataImporter.java:87)
	at org.springframework.boot.context.config.ConfigDataEnvironmentContributors.withProcessedImports(ConfigDataEnvironmentContributors.java:116)
	at org.springframework.boot.context.config.ConfigDataEnvironment.processInitial(ConfigDataEnvironment.java:240)
	at org.springframework.boot.context.config.ConfigDataEnvironment.processAndApply(ConfigDataEnvironment.java:227)
	at org.springframework.boot.context.config.ConfigDataEnvironmentPostProcessor.postProcessEnvironment(ConfigDataEnvironmentPostProcessor.java:102)
	at org.springframework.boot.context.config.ConfigDataEnvironmentPostProcessor.postProcessEnvironment(ConfigDataEnvironmentPostProcessor.java:94)
	at org.springframework.boot.env.EnvironmentPostProcessorApplicationListener.onApplicationEnvironmentPreparedEvent(EnvironmentPostProcessorApplicationListener.java:102)
	at org.springframework.boot.env.EnvironmentPostProcessorApplicationListener.onApplicationEvent(EnvironmentPostProcessorApplicationListener.java:87)
	at org.springframework.context.event.SimpleApplicationEventMulticaster.doInvokeListener(SimpleApplicationEventMulticaster.java:178)
	at org.springframework.context.event.SimpleApplicationEventMulticaster.invokeListener(SimpleApplicationEventMulticaster.java:171)
	at org.springframework.context.event.SimpleApplicationEventMulticaster.multicastEvent(SimpleApplicationEventMulticaster.java:145)
	at org.springframework.context.event.SimpleApplicationEventMulticaster.multicastEvent(SimpleApplicationEventMulticaster.java:133)
	at org.springframework.boot.context.event.EventPublishingRunListener.environmentPrepared(EventPublishingRunListener.java:85)
	at org.springframework.boot.SpringApplicationRunListeners.lambda$environmentPrepared$2(SpringApplicationRunListeners.java:66)
	at java.base/java.util.ArrayList.forEach(ArrayList.java:1541)
	at org.springframework.boot.SpringApplicationRunListeners.doWithListeners(SpringApplicationRunListeners.java:120)
	at org.springframework.boot.SpringApplicationRunListeners.doWithListeners(SpringApplicationRunListeners.java:114)
	at org.springframework.boot.SpringApplicationRunListeners.environmentPrepared(SpringApplicationRunListeners.java:65)
	at org.springframework.boot.SpringApplication.prepareEnvironment(SpringApplication.java:344)
	at org.springframework.boot.SpringApplication.run(SpringApplication.java:302)
	at org.springframework.boot.SpringApplication.run(SpringApplication.java:1300)
	at org.springframework.boot.SpringApplication.run(SpringApplication.java:1289)
	at cn.crabapples.Application.main(Application.java:70)
22:18:12.650 [background-preinit] INFO  o.h.validator.internal.util.Version - HV000001: Hibernate Validator 6.2.5.Final 
22:18:12.656 [main] INFO  cn.crabapples.Application - Starting Application using Java 11.0.16.1 on crabapples-pc with PID 1848 (D:\developer\IdeaWorkspace\JavaProject\crabapples-framework\backend\target\classes started by mshe in D:\developer\IdeaWorkspace\JavaProject\crabapples-framework) 
22:18:12.656 [main] INFO  cn.crabapples.Application - The following 1 profile is active: "dev" 
22:18:13.213 [main] WARN  o.s.b.w.s.c.AnnotationConfigServletWebServerApplicationContext - Exception encountered during context initialization - cancelling refresh attempt: org.springframework.beans.factory.support.BeanDefinitionOverrideException: Invalid bean definition with name 'fastJsonConfig' defined in class path resource [cn/crabapples/common/config/FastJsonConfigure.class]: Cannot register bean definition [Root bean: class [null]; scope=; abstract=false; lazyInit=null; autowireMode=3; dependencyCheck=0; autowireCandidate=true; primary=false; factoryBeanName=fastJsonConfigure; factoryMethodName=fastJsonConfig; initMethodName=null; destroyMethodName=(inferred); defined in class path resource [cn/crabapples/common/config/FastJsonConfigure.class]] for bean 'fastJsonConfig': There is already [Root bean: class [null]; scope=; abstract=false; lazyInit=null; autowireMode=3; dependencyCheck=0; autowireCandidate=true; primary=false; factoryBeanName=fastJson2Configure; factoryMethodName=fastJsonConfig; initMethodName=null; destroyMethodName=(inferred); defined in class path resource [cn/crabapples/common/config/FastJson2Configure.class]] bound. 
22:18:13.220 [main] INFO  o.s.b.a.l.ConditionEvaluationReportLoggingListener - 

Error starting ApplicationContext. To display the conditions report re-run your application with 'debug' enabled. 
22:18:13.232 [main] ERROR o.s.b.d.LoggingFailureAnalysisReporter - 

***************************
APPLICATION FAILED TO START
***************************

Description:

The bean 'fastJsonConfig', defined in class path resource [cn/crabapples/common/config/FastJsonConfigure.class], could not be registered. A bean with that name has already been defined in class path resource [cn/crabapples/common/config/FastJson2Configure.class] and overriding is disabled.

Action:

Consider renaming one of the beans or enabling overriding by setting spring.main.allow-bean-definition-overriding=true
 
22:19:06.068 [background-preinit] INFO  o.h.validator.internal.util.Version - HV000001: Hibernate Validator 6.2.5.Final 
22:19:06.078 [main] INFO  cn.crabapples.Application - Starting Application using Java 11.0.16.1 on crabapples-pc with PID 12644 (D:\developer\IdeaWorkspace\JavaProject\crabapples-framework\backend\target\classes started by mshe in D:\developer\IdeaWorkspace\JavaProject\crabapples-framework) 
22:19:06.079 [main] INFO  cn.crabapples.Application - The following 1 profile is active: "dev" 
22:19:06.678 [main] WARN  o.s.b.w.s.c.AnnotationConfigServletWebServerApplicationContext - Exception encountered during context initialization - cancelling refresh attempt: org.springframework.beans.factory.support.BeanDefinitionOverrideException: Invalid bean definition with name 'fastJsonConfig' defined in class path resource [cn/crabapples/common/config/FastJsonConfigure.class]: Cannot register bean definition [Root bean: class [null]; scope=; abstract=false; lazyInit=null; autowireMode=3; dependencyCheck=0; autowireCandidate=true; primary=false; factoryBeanName=fastJsonConfigure; factoryMethodName=fastJsonConfig; initMethodName=null; destroyMethodName=(inferred); defined in class path resource [cn/crabapples/common/config/FastJsonConfigure.class]] for bean 'fastJsonConfig': There is already [Root bean: class [null]; scope=; abstract=false; lazyInit=null; autowireMode=3; dependencyCheck=0; autowireCandidate=true; primary=false; factoryBeanName=fastJson2Configure; factoryMethodName=fastJsonConfig; initMethodName=null; destroyMethodName=(inferred); defined in class path resource [cn/crabapples/common/config/FastJson2Configure.class]] bound. 
22:19:06.684 [main] INFO  o.s.b.a.l.ConditionEvaluationReportLoggingListener - 

Error starting ApplicationContext. To display the conditions report re-run your application with 'debug' enabled. 
22:19:06.697 [main] ERROR o.s.b.d.LoggingFailureAnalysisReporter - 

***************************
APPLICATION FAILED TO START
***************************

Description:

The bean 'fastJsonConfig', defined in class path resource [cn/crabapples/common/config/FastJsonConfigure.class], could not be registered. A bean with that name has already been defined in class path resource [cn/crabapples/common/config/FastJson2Configure.class] and overriding is disabled.

Action:

Consider renaming one of the beans or enabling overriding by setting spring.main.allow-bean-definition-overriding=true
 
22:20:30.069 [background-preinit] INFO  o.h.validator.internal.util.Version - HV000001: Hibernate Validator 6.2.5.Final 
22:20:30.080 [main] INFO  cn.crabapples.Application - Starting Application using Java 11.0.16.1 on crabapples-pc with PID 33716 (D:\developer\IdeaWorkspace\JavaProject\crabapples-framework\backend\target\classes started by mshe in D:\developer\IdeaWorkspace\JavaProject\crabapples-framework) 
22:20:30.081 [main] INFO  cn.crabapples.Application - The following 1 profile is active: "dev" 
22:20:30.640 [main] WARN  o.s.b.w.s.c.AnnotationConfigServletWebServerApplicationContext - Exception encountered during context initialization - cancelling refresh attempt: org.springframework.beans.factory.support.BeanDefinitionOverrideException: Invalid bean definition with name 'fastJsonConfig' defined in class path resource [cn/crabapples/common/config/FastJsonConfigure.class]: Cannot register bean definition [Root bean: class [null]; scope=; abstract=false; lazyInit=null; autowireMode=3; dependencyCheck=0; autowireCandidate=true; primary=false; factoryBeanName=fastJsonConfigure; factoryMethodName=fastJsonConfig; initMethodName=null; destroyMethodName=(inferred); defined in class path resource [cn/crabapples/common/config/FastJsonConfigure.class]] for bean 'fastJsonConfig': There is already [Root bean: class [null]; scope=; abstract=false; lazyInit=null; autowireMode=3; dependencyCheck=0; autowireCandidate=true; primary=false; factoryBeanName=fastJson2Configure; factoryMethodName=fastJsonConfig; initMethodName=null; destroyMethodName=(inferred); defined in class path resource [cn/crabapples/common/config/FastJson2Configure.class]] bound. 
22:20:30.646 [main] INFO  o.s.b.a.l.ConditionEvaluationReportLoggingListener - 

Error starting ApplicationContext. To display the conditions report re-run your application with 'debug' enabled. 
22:20:30.659 [main] ERROR o.s.b.d.LoggingFailureAnalysisReporter - 

***************************
APPLICATION FAILED TO START
***************************

Description:

The bean 'fastJsonConfig', defined in class path resource [cn/crabapples/common/config/FastJsonConfigure.class], could not be registered. A bean with that name has already been defined in class path resource [cn/crabapples/common/config/FastJson2Configure.class] and overriding is disabled.

Action:

Consider renaming one of the beans or enabling overriding by setting spring.main.allow-bean-definition-overriding=true
 
22:21:35.455 [background-preinit] INFO  o.h.validator.internal.util.Version - HV000001: Hibernate Validator 6.2.5.Final 
22:21:35.469 [main] INFO  cn.crabapples.Application - Starting Application using Java 11.0.16.1 on crabapples-pc with PID 34124 (D:\developer\IdeaWorkspace\JavaProject\crabapples-framework\backend\target\classes started by mshe in D:\developer\IdeaWorkspace\JavaProject\crabapples-framework) 
22:21:35.470 [main] INFO  cn.crabapples.Application - The following 1 profile is active: "dev" 
22:21:36.033 [main] WARN  o.s.b.w.s.c.AnnotationConfigServletWebServerApplicationContext - Exception encountered during context initialization - cancelling refresh attempt: org.springframework.beans.factory.support.BeanDefinitionOverrideException: Invalid bean definition with name 'fastJsonConfig' defined in class path resource [cn/crabapples/common/config/FastJsonConfigure.class]: Cannot register bean definition [Root bean: class [null]; scope=; abstract=false; lazyInit=null; autowireMode=3; dependencyCheck=0; autowireCandidate=true; primary=false; factoryBeanName=fastJsonConfigure; factoryMethodName=fastJsonConfig; initMethodName=null; destroyMethodName=(inferred); defined in class path resource [cn/crabapples/common/config/FastJsonConfigure.class]] for bean 'fastJsonConfig': There is already [Root bean: class [null]; scope=; abstract=false; lazyInit=null; autowireMode=3; dependencyCheck=0; autowireCandidate=true; primary=false; factoryBeanName=fastJson2Configure; factoryMethodName=fastJsonConfig; initMethodName=null; destroyMethodName=(inferred); defined in class path resource [cn/crabapples/common/config/FastJson2Configure.class]] bound. 
22:21:36.039 [main] INFO  o.s.b.a.l.ConditionEvaluationReportLoggingListener - 

Error starting ApplicationContext. To display the conditions report re-run your application with 'debug' enabled. 
22:21:36.051 [main] ERROR o.s.b.d.LoggingFailureAnalysisReporter - 

***************************
APPLICATION FAILED TO START
***************************

Description:

The bean 'fastJsonConfig', defined in class path resource [cn/crabapples/common/config/FastJsonConfigure.class], could not be registered. A bean with that name has already been defined in class path resource [cn/crabapples/common/config/FastJson2Configure.class] and overriding is disabled.

Action:

Consider renaming one of the beans or enabling overriding by setting spring.main.allow-bean-definition-overriding=true
 
22:27:42.258 [background-preinit] INFO  o.h.validator.internal.util.Version - HV000001: Hibernate Validator 6.2.5.Final 
22:27:42.269 [main] INFO  cn.crabapples.Application - Starting Application using Java 11.0.16.1 on crabapples-pc with PID 11092 (D:\developer\IdeaWorkspace\JavaProject\crabapples-framework\backend\target\classes started by mshe in D:\developer\IdeaWorkspace\JavaProject\crabapples-framework) 
22:27:42.270 [main] INFO  cn.crabapples.Application - The following 1 profile is active: "dev" 
22:27:42.843 [main] WARN  o.s.b.w.s.c.AnnotationConfigServletWebServerApplicationContext - Exception encountered during context initialization - cancelling refresh attempt: org.springframework.beans.factory.support.BeanDefinitionOverrideException: Invalid bean definition with name 'fastJsonConfig' defined in class path resource [cn/crabapples/common/config/FastJsonConfigure.class]: Cannot register bean definition [Root bean: class [null]; scope=; abstract=false; lazyInit=null; autowireMode=3; dependencyCheck=0; autowireCandidate=true; primary=false; factoryBeanName=fastJsonConfigure; factoryMethodName=fastJsonConfig; initMethodName=null; destroyMethodName=(inferred); defined in class path resource [cn/crabapples/common/config/FastJsonConfigure.class]] for bean 'fastJsonConfig': There is already [Root bean: class [null]; scope=; abstract=false; lazyInit=null; autowireMode=3; dependencyCheck=0; autowireCandidate=true; primary=false; factoryBeanName=fastJson2Configure; factoryMethodName=fastJsonConfig; initMethodName=null; destroyMethodName=(inferred); defined in class path resource [cn/crabapples/common/config/FastJson2Configure.class]] bound. 
22:27:42.848 [main] INFO  o.s.b.a.l.ConditionEvaluationReportLoggingListener - 

Error starting ApplicationContext. To display the conditions report re-run your application with 'debug' enabled. 
22:27:42.861 [main] ERROR o.s.b.d.LoggingFailureAnalysisReporter - 

***************************
APPLICATION FAILED TO START
***************************

Description:

The bean 'fastJsonConfig', defined in class path resource [cn/crabapples/common/config/FastJsonConfigure.class], could not be registered. A bean with that name has already been defined in class path resource [cn/crabapples/common/config/FastJson2Configure.class] and overriding is disabled.

Action:

Consider renaming one of the beans or enabling overriding by setting spring.main.allow-bean-definition-overriding=true
 
22:28:11.078 [background-preinit] INFO  o.h.validator.internal.util.Version - HV000001: Hibernate Validator 6.2.5.Final 
22:28:11.089 [main] INFO  cn.crabapples.Application - Starting Application using Java 11.0.16.1 on crabapples-pc with PID 34940 (D:\developer\IdeaWorkspace\JavaProject\crabapples-framework\backend\target\classes started by mshe in D:\developer\IdeaWorkspace\JavaProject\crabapples-framework) 
22:28:11.090 [main] INFO  cn.crabapples.Application - The following 1 profile is active: "dev" 
22:28:11.656 [main] WARN  o.s.b.w.s.c.AnnotationConfigServletWebServerApplicationContext - Exception encountered during context initialization - cancelling refresh attempt: org.springframework.beans.factory.support.BeanDefinitionOverrideException: Invalid bean definition with name 'fastJsonConfig' defined in class path resource [cn/crabapples/common/config/FastJsonConfigure.class]: Cannot register bean definition [Root bean: class [null]; scope=; abstract=false; lazyInit=null; autowireMode=3; dependencyCheck=0; autowireCandidate=true; primary=false; factoryBeanName=fastJsonConfigure; factoryMethodName=fastJsonConfig; initMethodName=null; destroyMethodName=(inferred); defined in class path resource [cn/crabapples/common/config/FastJsonConfigure.class]] for bean 'fastJsonConfig': There is already [Root bean: class [null]; scope=; abstract=false; lazyInit=null; autowireMode=3; dependencyCheck=0; autowireCandidate=true; primary=false; factoryBeanName=fastJson2Configure; factoryMethodName=fastJsonConfig; initMethodName=null; destroyMethodName=(inferred); defined in class path resource [cn/crabapples/common/config/FastJson2Configure.class]] bound. 
22:28:11.662 [main] INFO  o.s.b.a.l.ConditionEvaluationReportLoggingListener - 

Error starting ApplicationContext. To display the conditions report re-run your application with 'debug' enabled. 
22:28:11.675 [main] ERROR o.s.b.d.LoggingFailureAnalysisReporter - 

***************************
APPLICATION FAILED TO START
***************************

Description:

The bean 'fastJsonConfig', defined in class path resource [cn/crabapples/common/config/FastJsonConfigure.class], could not be registered. A bean with that name has already been defined in class path resource [cn/crabapples/common/config/FastJson2Configure.class] and overriding is disabled.

Action:

Consider renaming one of the beans or enabling overriding by setting spring.main.allow-bean-definition-overriding=true
 
22:28:59.479 [background-preinit] INFO  o.h.validator.internal.util.Version - HV000001: Hibernate Validator 6.2.5.Final 
22:28:59.489 [main] INFO  cn.crabapples.Application - Starting Application using Java 11.0.16.1 on crabapples-pc with PID 34960 (D:\developer\IdeaWorkspace\JavaProject\crabapples-framework\backend\target\classes started by mshe in D:\developer\IdeaWorkspace\JavaProject\crabapples-framework) 
22:28:59.490 [main] INFO  cn.crabapples.Application - The following 1 profile is active: "dev" 
22:29:00.071 [main] WARN  o.s.b.w.s.c.AnnotationConfigServletWebServerApplicationContext - Exception encountered during context initialization - cancelling refresh attempt: org.springframework.beans.factory.support.BeanDefinitionOverrideException: Invalid bean definition with name 'fastJsonConfig' defined in class path resource [cn/crabapples/common/config/FastJsonConfigure.class]: Cannot register bean definition [Root bean: class [null]; scope=; abstract=false; lazyInit=null; autowireMode=3; dependencyCheck=0; autowireCandidate=true; primary=false; factoryBeanName=fastJsonConfigure; factoryMethodName=fastJsonConfig; initMethodName=null; destroyMethodName=(inferred); defined in class path resource [cn/crabapples/common/config/FastJsonConfigure.class]] for bean 'fastJsonConfig': There is already [Root bean: class [null]; scope=; abstract=false; lazyInit=null; autowireMode=3; dependencyCheck=0; autowireCandidate=true; primary=false; factoryBeanName=fastJson2Configure; factoryMethodName=fastJsonConfig; initMethodName=null; destroyMethodName=(inferred); defined in class path resource [cn/crabapples/common/config/FastJson2Configure.class]] bound. 
22:29:00.077 [main] INFO  o.s.b.a.l.ConditionEvaluationReportLoggingListener - 

Error starting ApplicationContext. To display the conditions report re-run your application with 'debug' enabled. 
22:29:00.091 [main] ERROR o.s.b.d.LoggingFailureAnalysisReporter - 

***************************
APPLICATION FAILED TO START
***************************

Description:

The bean 'fastJsonConfig', defined in class path resource [cn/crabapples/common/config/FastJsonConfigure.class], could not be registered. A bean with that name has already been defined in class path resource [cn/crabapples/common/config/FastJson2Configure.class] and overriding is disabled.

Action:

Consider renaming one of the beans or enabling overriding by setting spring.main.allow-bean-definition-overriding=true
 
